<?xml version="1.0" encoding="UTF-8"?>
<!-- Generated by org.testng.reporters.JUnitReportReporter -->
<testsuite hostname="DESKTOP-5IPPVIC" failures="0" tests="3" name="CrudMethodTesting.BasicsCrudMethods" time="0.438" errors="0" timestamp="2023-10-10T06:32:20 PDT" skipped="0">
  <testcase classname="CrudMethodTesting.BasicsCrudMethods" name="AddNewData" time="0.111"/>
  <system-out/>
  <testcase classname="CrudMethodTesting.BasicsCrudMethods" name="UpdateCustomerNumber" time="0.023"/>
  <system-out/>
  <testcase classname="CrudMethodTesting.BasicsCrudMethods" name="SelectOneCustomer" time="0.304"/>
  <system-out/>
</testsuite> <!-- CrudMethodTesting.BasicsCrudMethods -->
