<?xml version="1.0" encoding="UTF-8"?>
<!-- Generated by org.testng.reporters.JUnitReportReporter -->
<testsuite hostname="DESKTOP-5IPPVIC" failures="0" tests="1" name="Database_Connection" time="0.404" errors="0" timestamp="2023-10-08T08:27:10 PDT" skipped="0">
  <testcase classname="Database_Connection" name="MyTest" time="0.404"/>
  <system-out/>
</testsuite> <!-- Database_Connection -->
